d:\step\it\выполненные\экзамен\project1\project1\x64\debug\vc141.pdb
d:\step\it\выполненные\экзамен\project1\project1\x64\debug\vc141.idb
d:\step\it\выполненные\экзамен\project1\project1\x64\debug\time.obj
d:\step\it\выполненные\экзамен\project1\project1\x64\debug\orders.obj
d:\step\it\выполненные\экзамен\project1\project1\x64\debug\order.obj
d:\step\it\выполненные\экзамен\project1\project1\x64\debug\main.obj
d:\step\it\выполненные\экзамен\project1\project1\x64\debug\insuredorder.obj
d:\step\it\выполненные\экзамен\project1\project1\x64\debug\expressorder.obj
d:\step\it\выполненные\экзамен\project1\project1\x64\debug\date.obj
d:\step\it\выполненные\экзамен\project1\project1\x64\debug\ordinaryorder.obj
d:\step\it\выполненные\экзамен\project1\x64\debug\project1.exe
d:\step\it\выполненные\экзамен\project1\x64\debug\project1.ilk
d:\step\it\выполненные\экзамен\project1\x64\debug\project1.pdb
d:\step\it\выполненные\экзамен\project1\project1\x64\debug\ordinaryorder.obj.enc
d:\step\it\выполненные\экзамен\project1\project1\x64\debug\project1.tlog\cl.command.1.tlog
d:\step\it\выполненные\экзамен\project1\project1\x64\debug\project1.tlog\cl.read.1.tlog
d:\step\it\выполненные\экзамен\project1\project1\x64\debug\project1.tlog\cl.write.1.tlog
d:\step\it\выполненные\экзамен\project1\project1\x64\debug\project1.tlog\link.command.1.tlog
d:\step\it\выполненные\экзамен\project1\project1\x64\debug\project1.tlog\link.read.1.tlog
d:\step\it\выполненные\экзамен\project1\project1\x64\debug\project1.tlog\link.write.1.tlog
